0 info it worked if it ends with ok
1 verbose cli [ '/home/x2/.nvm/versions/node/v5.2.0/bin/node',
1 verbose cli   '/home/x2/.nvm/versions/node/v5.2.0/bin/npm',
1 verbose cli   'start' ]
2 info using npm@3.3.12
3 info using node@v5.2.0
4 verbose run-script [ 'prestart', 'start', 'poststart' ]
5 info lifecycle pdf-please@1.0.0~prestart: pdf-please@1.0.0
6 silly lifecycle pdf-please@1.0.0~prestart: no script for prestart, continuing
7 info lifecycle pdf-please@1.0.0~start: pdf-please@1.0.0
8 verbose lifecycle pdf-please@1.0.0~start: unsafe-perm in lifecycle true
9 verbose lifecycle pdf-please@1.0.0~start: PATH: /home/x2/.nvm/versions/node/v5.2.0/lib/node_modules/npm/bin/node-gyp-bin:/home/x2/pdf-please/node_modules/.bin:/home/x2/.nvm/versions/node/v5.2.0/bin:/usr/local/sbin:/usr/local/bin:/usr/sbin:/usr/bin:/sbin:/bin:/usr/games:/usr/local/games:/snap/bin
10 verbose lifecycle pdf-please@1.0.0~start: CWD: /home/x2/pdf-please
11 silly lifecycle pdf-please@1.0.0~start: Args: [ '-c', 'electron-forge start' ]
12 silly lifecycle pdf-please@1.0.0~start: Returned: code: 1  signal: null
13 info lifecycle pdf-please@1.0.0~start: Failed to exec start script
14 verbose stack Error: pdf-please@1.0.0 start: `electron-forge start`
14 verbose stack Exit status 1
14 verbose stack     at EventEmitter.<anonymous> (/home/x2/.nvm/versions/node/v5.2.0/lib/node_modules/npm/lib/utils/lifecycle.js:232:16)
14 verbose stack     at emitTwo (events.js:88:13)
14 verbose stack     at EventEmitter.emit (events.js:173:7)
14 verbose stack     at ChildProcess.<anonymous> (/home/x2/.nvm/versions/node/v5.2.0/lib/node_modules/npm/lib/utils/spawn.js:24:14)
14 verbose stack     at emitTwo (events.js:88:13)
14 verbose stack     at ChildProcess.emit (events.js:173:7)
14 verbose stack     at maybeClose (internal/child_process.js:819:16)
14 verbose stack     at Process.ChildProcess._handle.onexit (internal/child_process.js:212:5)
15 verbose pkgid pdf-please@1.0.0
16 verbose cwd /home/x2/pdf-please
17 error Linux 4.11.2-041102-generic
18 error argv "/home/x2/.nvm/versions/node/v5.2.0/bin/node" "/home/x2/.nvm/versions/node/v5.2.0/bin/npm" "start"
19 error node v5.2.0
20 error npm  v3.3.12
21 error code ELIFECYCLE
22 error pdf-please@1.0.0 start: `electron-forge start`
22 error Exit status 1
23 error Failed at the pdf-please@1.0.0 start script 'electron-forge start'.
23 error Make sure you have the latest version of node.js and npm installed.
23 error If you do, this is most likely a problem with the pdf-please package,
23 error not with npm itself.
23 error Tell the author that this fails on your system:
23 error     electron-forge start
23 error You can get their info via:
23 error     npm owner ls pdf-please
23 error There is likely additional logging output above.
24 verbose exit [ 1, true ]
